<?xml version="1.0" encoding="UTF-8"?>
<!-- Generated by org.testng.reporters.JUnitReportReporter -->
<testsuite skipped="0" hostname="Lenovo" name="scripts.TestNG.TestNGConfig2" tests="1" failures="0" timestamp="16 Mar 2019 05:27:10 GMT" time="0.008" errors="0">
  <testcase name="test1" time="0.008" classname="scripts.TestNG.TestNGConfig2"/>
</testsuite> <!-- scripts.TestNG.TestNGConfig2 -->
